INFO [12-04|12:50:15.910] Maximum peer count                       ETH=50 LES=0 total=50
INFO [12-04|12:50:15.911] Set global gas cap                       cap=50,000,000
INFO [12-04|12:50:15.911] Allocated trie memory caches             clean=154.00MiB dirty=256.00MiB
INFO [12-04|12:50:15.911] Allocated cache and file handles         database=/Users/juliocesar/Documents/01-MestradoITA/01-Artigos_e_dissertacoes/Mensagens-Blockchain/Project/PGP-PKI-main/Example/PB_Private-Blockchain/Node04/geth/chaindata cache=512.00MiB handles=5120
INFO [12-04|12:50:16.161] Opened ancient database                  database=/Users/juliocesar/Documents/01-MestradoITA/01-Artigos_e_dissertacoes/Mensagens-Blockchain/Project/PGP-PKI-main/Example/PB_Private-Blockchain/Node04/geth/chaindata/ancient readonly=false
INFO [12-04|12:50:16.162] Initialised chain configuration          config="{ChainID: 1234 Homestead: 0 DAO: <nil> DAOSupport: false EIP150: 0 EIP155: 0 EIP158: 0 Byzantium: 0 Constantinople: 0 Petersburg: 0 Istanbul: 0, Muir Glacier: <nil>, Berlin: <nil>, London: <nil>, Arrow Glacier: <nil>, Engine: ethash}"
INFO [12-04|12:50:16.163] Disk storage enabled for ethash caches   dir=/Users/juliocesar/Documents/01-MestradoITA/01-Artigos_e_dissertacoes/Mensagens-Blockchain/Project/PGP-PKI-main/Example/PB_Private-Blockchain/Node04/geth/ethash count=3
INFO [12-04|12:50:16.163] Disk storage enabled for ethash DAGs     dir=/Users/juliocesar/Library/Ethash count=2
INFO [12-04|12:50:16.163] Initialising Ethereum protocol           network=1234 dbversion=<nil>
INFO [12-04|12:50:16.164] Loaded most recent local header          number=0 hash=c0ba59..6611eb td=524,288 age=1y2mo3w
INFO [12-04|12:50:16.164] Loaded most recent local full block      number=0 hash=c0ba59..6611eb td=524,288 age=1y2mo3w
INFO [12-04|12:50:16.164] Loaded most recent local fast block      number=0 hash=c0ba59..6611eb td=524,288 age=1y2mo3w
WARN [12-04|12:50:16.164] Failed to load snapshot, regenerating    err="missing or corrupted snapshot"
INFO [12-04|12:50:16.164] Rebuilding state snapshot 
INFO [12-04|12:50:16.164] Resuming state snapshot generation       root=b84523..07823f accounts=0 slots=0 storage=0.00B elapsed="324.415µs"
INFO [12-04|12:50:16.165] Regenerated local transaction journal    transactions=0 accounts=0
INFO [12-04|12:50:16.165] Gasprice oracle is ignoring threshold set threshold=2
WARN [12-04|12:50:16.166] Error reading unclean shutdown markers   error="leveldb: not found"
INFO [12-04|12:50:16.166] Starting peer-to-peer node               instance=Geth/v1.10.13-stable/darwin-amd64/go1.17.2
INFO [12-04|12:50:16.170] Generated state snapshot                 accounts=256 slots=0 storage=9.50KiB elapsed=6.375ms
INFO [12-04|12:50:16.263] New local node record                    seq=1,638,633,016,262 id=746939628dca9505 ip=127.0.0.1 udp=0 tcp=30304
INFO [12-04|12:50:16.263] Started P2P networking                   self="enode://03163a25386b298719115c5ba524c5a1c73c0948a1c21c4a2062756d2cc1d67c6caa5e1a1e8d1ecea08f752f3cb702ae48448825505847f118cc745e3d8f1894@127.0.0.1:30304?discport=0"
WARN [12-04|12:50:16.311] Served eth_coinbase                      reqid=3 t="35.665µs" err="etherbase must be explicitly specified"
INFO [12-04|12:50:19.822] Mapped network port                      proto=tcp extport=30304 intport=30304 interface="UPNP IGDv1-PPP1"
INFO [12-04|12:50:35.952] Looking for peers                        peercount=0 tried=0 static=1
INFO [12-04|12:51:10.956] Looking for peers                        peercount=0 tried=1 static=1
INFO [12-04|12:51:13.969] New local node record                    seq=1,638,633,016,263 id=746939628dca9505 ip=179.111.79.236 udp=0 tcp=30304
INFO [12-04|12:51:45.961] Looking for peers                        peercount=0 tried=1 static=1
INFO [12-04|12:52:15.609] Looking for peers                        peercount=0 tried=1 static=1
INFO [12-04|12:52:55.965] Looking for peers                        peercount=0 tried=1 static=1
INFO [12-04|12:52:57.321] Ethereum protocol stopped 
INFO [12-04|12:52:57.321] Transaction pool stopped 
INFO [12-04|12:52:57.321] Writing snapshot state to disk           root=b84523..07823f
INFO [12-04|12:52:57.321] Persisted trie from memory database      nodes=0 size=0.00B time="4.021µs" gcnodes=0 gcsize=0.00B gctime=0s livenodes=1 livesize=0.00B
INFO [12-04|12:52:57.321] Writing clean trie cache to disk         path=/Users/juliocesar/Documents/01-MestradoITA/01-Artigos_e_dissertacoes/Mensagens-Blockchain/Project/PGP-PKI-main/Example/PB_Private-Blockchain/Node04/geth/triecache threads=8
INFO [12-04|12:52:57.328] Persisted the clean trie cache           path=/Users/juliocesar/Documents/01-MestradoITA/01-Artigos_e_dissertacoes/Mensagens-Blockchain/Project/PGP-PKI-main/Example/PB_Private-Blockchain/Node04/geth/triecache elapsed=7.201ms
INFO [12-04|12:52:57.328] Blockchain stopped 
